{"/Users/llewandowski/projects/carpenter/index.spec.js":{"path":"/Users/llewandowski/projects/carpenter/index.spec.js","s":{"1":1,"2":1,"3":1,"4":1,"5":1,"6":1,"7":1,"8":1,"9":1,"10":1,"11":1,"12":1,"13":1,"14":1,"15":1,"16":1,"17":1,"18":1,"19":1,"20":1,"21":1,"22":1,"23":1,"24":1,"25":1,"26":1,"27":1,"28":1,"29":1,"30":1,"31":1,"32":1,"33":1,"34":1},"b":{},"f":{},"fnMap":{},"statementMap":{"1":{"start":{"line":1,"column":0},"end":{"line":1,"column":38}},"2":{"start":{"line":2,"column":0},"end":{"line":2,"column":38}},"3":{"start":{"line":3,"column":0},"end":{"line":3,"column":52}},"4":{"start":{"line":5,"column":0},"end":{"line":95,"column":3}},"5":{"start":{"line":6,"column":2},"end":{"line":23,"column":5}},"6":{"start":{"line":7,"column":4},"end":{"line":10,"column":6}},"7":{"start":{"line":12,"column":4},"end":{"line":15,"column":15}},"8":{"start":{"line":17,"column":4},"end":{"line":20,"column":6}},"9":{"start":{"line":22,"column":4},"end":{"line":22,"column":43}},"10":{"start":{"line":25,"column":2},"end":{"line":45,"column":5}},"11":{"start":{"line":26,"column":4},"end":{"line":30,"column":6}},"12":{"start":{"line":32,"column":4},"end":{"line":36,"column":15}},"13":{"start":{"line":38,"column":4},"end":{"line":42,"column":6}},"14":{"start":{"line":44,"column":4},"end":{"line":44,"column":43}},"15":{"start":{"line":47,"column":2},"end":{"line":55,"column":5}},"16":{"start":{"line":48,"column":4},"end":{"line":51,"column":6}},"17":{"start":{"line":52,"column":4},"end":{"line":52,"column":58}},"18":{"start":{"line":52,"column":24},"end":{"line":52,"column":57}},"19":{"start":{"line":54,"column":4},"end":{"line":54,"column":57}},"20":{"start":{"line":57,"column":2},"end":{"line":68,"column":5}},"21":{"start":{"line":58,"column":4},"end":{"line":61,"column":6}},"22":{"start":{"line":62,"column":4},"end":{"line":65,"column":15}},"23":{"start":{"line":62,"column":24},"end":{"line":65,"column":14}},"24":{"start":{"line":67,"column":4},"end":{"line":67,"column":107}},"25":{"start":{"line":70,"column":2},"end":{"line":81,"column":5}},"26":{"start":{"line":71,"column":4},"end":{"line":74,"column":6}},"27":{"start":{"line":75,"column":4},"end":{"line":78,"column":15}},"28":{"start":{"line":75,"column":24},"end":{"line":78,"column":14}},"29":{"start":{"line":80,"column":4},"end":{"line":80,"column":107}},"30":{"start":{"line":83,"column":2},"end":{"line":94,"column":5}},"31":{"start":{"line":84,"column":4},"end":{"line":87,"column":6}},"32":{"start":{"line":88,"column":4},"end":{"line":91,"column":13}},"33":{"start":{"line":88,"column":24},"end":{"line":91,"column":12}},"34":{"start":{"line":93,"column":4},"end":{"line":93,"column":107}}},"branchMap":{}},"/Users/llewandowski/projects/carpenter/index.js":{"path":"/Users/llewandowski/projects/carpenter/index.js","s":{"1":1,"2":1,"3":1},"b":{},"f":{},"fnMap":{},"statementMap":{"1":{"start":{"line":1,"column":0},"end":{"line":1,"column":41}},"2":{"start":{"line":2,"column":0},"end":{"line":2,"column":49}},"3":{"start":{"line":4,"column":0},"end":{"line":7,"column":2}}},"branchMap":{}},"/Users/llewandowski/projects/carpenter/src/builder.js":{"path":"/Users/llewandowski/projects/carpenter/src/builder.js","s":{"1":1,"2":6,"3":6,"4":14,"5":14,"6":4,"7":14,"8":2,"9":2,"10":12,"11":12,"12":1,"13":11,"14":11,"15":3,"16":8,"17":8,"18":6,"19":1},"b":{"1":[4,10],"2":[2,12],"3":[1,11],"4":[2,9],"5":[3,8]},"f":{"1":6,"2":14},"fnMap":{"1":{"name":"Builder","line":1,"loc":{"start":{"line":1,"column":0},"end":{"line":1,"column":28}}},"2":{"name":"(anonymous_2)","line":5,"loc":{"start":{"line":5,"column":7},"end":{"line":5,"column":35}}}},"statementMap":{"1":{"start":{"line":1,"column":0},"end":{"line":34,"column":1}},"2":{"start":{"line":2,"column":2},"end":{"line":2,"column":19}},"3":{"start":{"line":4,"column":2},"end":{"line":32,"column":5}},"4":{"start":{"line":6,"column":6},"end":{"line":6,"column":25}},"5":{"start":{"line":8,"column":6},"end":{"line":10,"column":7}},"6":{"start":{"line":9,"column":8},"end":{"line":9,"column":63}},"7":{"start":{"line":12,"column":6},"end":{"line":14,"column":7}},"8":{"start":{"line":13,"column":8},"end":{"line":13,"column":27}},"9":{"start":{"line":13,"column":21},"end":{"line":13,"column":26}},"10":{"start":{"line":16,"column":6},"end":{"line":30,"column":8}},"11":{"start":{"line":17,"column":8},"end":{"line":19,"column":9}},"12":{"start":{"line":18,"column":10},"end":{"line":18,"column":57}},"13":{"start":{"line":20,"column":8},"end":{"line":20,"column":74}},"14":{"start":{"line":22,"column":8},"end":{"line":26,"column":9}},"15":{"start":{"line":23,"column":10},"end":{"line":25,"column":12}},"16":{"start":{"line":28,"column":8},"end":{"line":28,"column":28}},"17":{"start":{"line":29,"column":8},"end":{"line":29,"column":23}},"18":{"start":{"line":33,"column":2},"end":{"line":33,"column":17}},"19":{"start":{"line":36,"column":0},"end":{"line":36,"column":25}}},"branchMap":{"1":{"line":8,"type":"if","locations":[{"start":{"line":8,"column":6},"end":{"line":8,"column":6}},{"start":{"line":8,"column":6},"end":{"line":8,"column":6}}]},"2":{"line":12,"type":"if","locations":[{"start":{"line":12,"column":6},"end":{"line":12,"column":6}},{"start":{"line":12,"column":6},"end":{"line":12,"column":6}}]},"3":{"line":17,"type":"if","locations":[{"start":{"line":17,"column":8},"end":{"line":17,"column":8}},{"start":{"line":17,"column":8},"end":{"line":17,"column":8}}]},"4":{"line":20,"type":"cond-expr","locations":[{"start":{"line":20,"column":51},"end":{"line":20,"column":58}},{"start":{"line":20,"column":61},"end":{"line":20,"column":73}}]},"5":{"line":22,"type":"if","locations":[{"start":{"line":22,"column":8},"end":{"line":22,"column":8}},{"start":{"line":22,"column":8},"end":{"line":22,"column":8}}]}}},"/Users/llewandowski/projects/carpenter/src/builderType.js":{"path":"/Users/llewandowski/projects/carpenter/src/builderType.js","s":{"1":1},"b":{},"f":{},"fnMap":{},"statementMap":{"1":{"start":{"line":1,"column":0},"end":{"line":7,"column":3}}},"branchMap":{}}}