TN:
SF:/Users/llewandowski/projects/carpenter/index.spec.js
FNF:0
FNH:0
DA:1,1
DA:2,1
DA:3,1
DA:5,1
DA:6,1
DA:7,1
DA:12,1
DA:17,1
DA:22,1
DA:25,1
DA:26,1
DA:32,1
DA:38,1
DA:44,1
DA:47,1
DA:48,1
DA:52,1
DA:54,1
DA:57,1
DA:58,1
DA:62,1
DA:67,1
DA:70,1
DA:71,1
DA:75,1
DA:80,1
DA:83,1
DA:84,1
DA:88,1
DA:93,1
LF:30
LH:30
BRF:0
BRH:0
end_of_record
TN:
SF:/Users/llewandowski/projects/carpenter/index.js
FNF:0
FNH:0
DA:1,1
DA:2,1
DA:4,1
LF:3
LH:3
BRF:0
BRH:0
end_of_record
TN:
SF:/Users/llewandowski/projects/carpenter/src/builder.js
FN:1,Builder
FN:5,(anonymous_2)
FNF:2
FNH:2
FNDA:6,Builder
FNDA:14,(anonymous_2)
DA:1,1
DA:2,6
DA:4,6
DA:6,14
DA:8,14
DA:9,4
DA:12,14
DA:13,2
DA:16,12
DA:17,12
DA:18,1
DA:20,11
DA:22,11
DA:23,3
DA:28,8
DA:29,8
DA:33,6
DA:36,1
LF:18
LH:18
BRDA:8,1,0,4
BRDA:8,1,1,10
BRDA:12,2,0,2
BRDA:12,2,1,12
BRDA:17,3,0,1
BRDA:17,3,1,11
BRDA:20,4,0,2
BRDA:20,4,1,9
BRDA:22,5,0,3
BRDA:22,5,1,8
BRF:10
BRH:10
end_of_record
TN:
SF:/Users/llewandowski/projects/carpenter/src/builderType.js
FNF:0
FNH:0
DA:1,1
LF:1
LH:1
BRF:0
BRH:0
end_of_record
